<?xml version="1.0" encoding="UTF-8"?>
<!-- Generated by org.testng.reporters.JUnitReportReporter -->
<testsuite hostname="DESKTOP-I40GL3R" failures="0" tests="4" name="Testngtest.Testngtest.Test2" time="0.010" errors="0" timestamp="2021-05-30T23:03:06 IST" skipped="0">
  <testcase classname="Testngtest.Testngtest.Test2" name="testCase2" time="0.008"/>
  <system-out/>
  <testcase classname="Testngtest.Testngtest.Test2" name="testCase4" time="0.001"/>
  <system-out/>
  <testcase classname="Testngtest.Testngtest.Test2" name="testCase1" time="0.001"/>
  <system-out/>
  <testcase classname="Testngtest.Testngtest.Test2" name="testCase3" time="0.000"/>
  <system-out/>
</testsuite> <!-- Testngtest.Testngtest.Test2 -->
