<?xml version="1.0" encoding="UTF-8"?>
<!-- Generated by org.testng.reporters.JUnitReportReporter -->
<testsuite hostname="DESKTOP-I40GL3R" failures="0" tests="1" name="Testngtest.Testngtest.Test1" time="0.008" errors="0" timestamp="2021-05-30T23:03:06 IST" skipped="0">
  <testcase classname="Testngtest.Testngtest.Test1" name="test1" time="0.008"/>
  <system-out/>
</testsuite> <!-- Testngtest.Testngtest.Test1 -->
