<?xml version="1.0" encoding="UTF-8"?>
<!-- Generated by org.testng.reporters.JUnitReportReporter -->
<testsuite hostname="DESKTOP-I40GL3R" failures="0" tests="2" name="Testngtest.Testngtest.parallelexecution" time="24.500" errors="0" timestamp="2021-05-30T23:03:06 IST" skipped="0">
  <testcase classname="Testngtest.Testngtest.parallelexecution" name="getFirefox" time="12.048"/>
  <system-out/>
  <testcase classname="Testngtest.Testngtest.parallelexecution" name="getChorme" time="12.452"/>
  <system-out/>
</testsuite> <!-- Testngtest.Testngtest.parallelexecution -->
